<?xml version="1.0" encoding="UTF-8" standalone="no"?>
<!DOCTYPE LIMES SYSTEM "limes.dtd">
<LIMES>
	<PREFIX>
		<NAMESPACE>http://hitontology.eu/ontology/</NAMESPACE>
		<LABEL>hito</LABEL>
	</PREFIX>
	<PREFIX>
		<NAMESPACE>http://www.w3.org/1999/02/22-rdf-syntax-ns#</NAMESPACE>
		<LABEL>rdf</LABEL>
	</PREFIX>
	<PREFIX>
		<NAMESPACE>http://www.w3.org/2000/01/rdf-schema#</NAMESPACE>
		<LABEL>rdfs</LABEL>
	</PREFIX>
	<PREFIX>
		<NAMESPACE>http://www.w3.org/2002/07/owl#</NAMESPACE>
		<LABEL>owl</LABEL>
	</PREFIX>
	<PREFIX>
		<NAMESPACE>http://www.w3.org/2004/02/skos/core#</NAMESPACE>
		<LABEL>skos</LABEL>
	</PREFIX>
	
	<SOURCE>
		<ID>c1</ID>
		<ENDPOINT>https://hitontology.eu/sparql</ENDPOINT>
		<VAR>?c1</VAR>
		<PAGESIZE>-1</PAGESIZE>
		<RESTRICTION>?c1 a hito:FeatureClassified</RESTRICTION>
		<PROPERTY>rdfs:label AS nolang->lowercase->regularalphabet RENAME label</PROPERTY>
		<PROPERTY>hito:fClaFrom RENAME cat</PROPERTY>
		<OPTIONAL_PROPERTY>rdfs:comment AS nolang->lowercase->regularalphabet RENAME comment</OPTIONAL_PROPERTY>
		<TYPE>SPARQL</TYPE>
	</SOURCE>

	<TARGET>
		<ID></ID>
		<ENDPOINT>https://hitontology.eu/sparql</ENDPOINT>
		<VAR>?c2</VAR>
		<PAGESIZE>-1</PAGESIZE>
		<RESTRICTION>?c2 a hito:FeatureClassified</RESTRICTION>
		<PROPERTY>rdfs:label AS nolang->lowercase->regularalphabet RENAME label</PROPERTY>
		<PROPERTY>hito:fClaFrom RENAME cat</PROPERTY>
		<OPTIONAL_PROPERTY>rdfs:comment AS nolang->lowercase->regularalphabet RENAME comment</OPTIONAL_PROPERTY>
		<TYPE>SPARQL</TYPE>
	</TARGET>

<METRIC>MINUS(MAX(MAX(TRIGRAMS(c1.label,c2.label),TRIGRAMS(c1.label,c2.comment)),TRIGRAMS(c1.comment,c2.comment))|0.5,EXACTMATCH(c1.cat,c2.cat)|1)</METRIC>

	<ACCEPTANCE>
		<THRESHOLD>1</THRESHOLD>
		<FILE>catalogue-exact.ttl</FILE>
		<RELATION>skos:closeMatch</RELATION>
	</ACCEPTANCE>
	
	<REVIEW>
		<THRESHOLD>0.5</THRESHOLD>
		<FILE>catalogue-close.ttl</FILE>
		<RELATION>skos:closeMatch</RELATION>
	</REVIEW>

	<EXECUTION>
		<REWRITER>default</REWRITER>
		<PLANNER>default</PLANNER>
		<ENGINE>default</ENGINE>
	</EXECUTION>

	<OUTPUT>CSV</OUTPUT>
</LIMES>
